{"numFailedTestSuites":0,"numFailedTests":0,"numPassedTestSuites":14,"numPassedTests":32,"numPendingTestSuites":0,"numPendingTests":0,"numRuntimeErrorTestSuites":0,"numTodoTests":0,"numTotalTestSuites":14,"numTotalTests":32,"openHandles":[],"snapshot":{"added":0,"didUpdate":false,"failure":false,"filesAdded":0,"filesRemoved":0,"filesRemovedList":[],"filesUnmatched":0,"filesUpdated":0,"matched":7,"total":7,"unchecked":0,"uncheckedKeysByFile":[],"unmatched":0,"updated":0},"startTime":1666367893857,"success":true,"testResults":[{"assertionResults":[{"ancestorTitles":["actionCreators","context","navigation","contextSetNavigationAction()"],"duration":3,"failureDetails":[],"failureMessages":[],"fullName":"actionCreators context navigation contextSetNavigationAction() must return action with given payload","invocations":1,"location":null,"numPassingAsserts":0,"retryReasons":[],"status":"passed","title":"must return action with given payload"},{"ancestorTitles":["actionCreators","context","progress","contextSetProgressAction()"],"duration":1,"failureDetails":[],"failureMessages":[],"fullName":"actionCreators context progress contextSetProgressAction() must return action with given payload","invocations":1,"location":null,"numPassingAsserts":0,"retryReasons":[],"status":"passed","title":"must return action with given payload"},{"ancestorTitles":["actionCreators","ui","listQuotes","uiSelectListQuotesAction()"],"duration":1,"failureDetails":[],"failureMessages":[],"fullName":"actionCreators ui listQuotes uiSelectListQuotesAction() must return action with given payload","invocations":1,"location":null,"numPassingAsserts":0,"retryReasons":[],"status":"passed","title":"must return action with given payload"},{"ancestorTitles":["actionCreators","ui","listQuotes","uiSetListQuotesSortAction()"],"duration":0,"failureDetails":[],"failureMessages":[],"fullName":"actionCreators ui listQuotes uiSetListQuotesSortAction() must return action with given payload","invocations":1,"location":null,"numPassingAsserts":0,"retryReasons":[],"status":"passed","title":"must return action with given payload"},{"ancestorTitles":["actionCreators","ui","listQuotes","uiSetListQuotesSearchAction()"],"duration":0,"failureDetails":[],"failureMessages":[],"fullName":"actionCreators ui listQuotes uiSetListQuotesSearchAction() must return action with given payload","invocations":1,"location":null,"numPassingAsserts":0,"retryReasons":[],"status":"passed","title":"must return action with given payload"},{"ancestorTitles":["actionCreators","ui","listQuotes","uiSetListQuotesPaginationAction()"],"duration":1,"failureDetails":[],"failureMessages":[],"fullName":"actionCreators ui listQuotes uiSetListQuotesPaginationAction() must return action with given payload","invocations":1,"location":null,"numPassingAsserts":0,"retryReasons":[],"status":"passed","title":"must return action with given payload"},{"ancestorTitles":["actionCreators","ui","listQuotes","uiSetListQuotesAction()"],"duration":0,"failureDetails":[],"failureMessages":[],"fullName":"actionCreators ui listQuotes uiSetListQuotesAction() must return action with given payload","invocations":1,"location":null,"numPassingAsserts":0,"retryReasons":[],"status":"passed","title":"must return action with given payload"}],"endTime":1666367899858,"message":"","name":"/Users/mts/PapillonBitsHub/quoter/packages/core/src/store/action/__tests__/actionCreators.test.js","startTime":1666367895135,"status":"passed","summary":""},{"assertionResults":[{"ancestorTitles":["<NotFoundTemplate />","Render"],"duration":133,"failureDetails":[],"failureMessages":[],"fullName":"<NotFoundTemplate /> Render must match regular","invocations":1,"location":null,"numPassingAsserts":0,"retryReasons":[],"status":"passed","title":"must match regular"}],"endTime":1666367901345,"message":"","name":"/Users/mts/PapillonBitsHub/quoter/packages/core/src/pattern/template/NotFoundTemplate/__tests__/NotFoundTemplate.int.test.js","startTime":1666367895285,"status":"passed","summary":""},{"assertionResults":[{"ancestorTitles":["<NotFoundPage />","Render"],"duration":114,"failureDetails":[],"failureMessages":[],"fullName":"<NotFoundPage /> Render must match async","invocations":1,"location":null,"numPassingAsserts":0,"retryReasons":[],"status":"passed","title":"must match async"},{"ancestorTitles":["<NotFoundPage />","Render"],"duration":62,"failureDetails":[],"failureMessages":[],"fullName":"<NotFoundPage /> Render must match regular","invocations":1,"location":null,"numPassingAsserts":0,"retryReasons":[],"status":"passed","title":"must match regular"}],"endTime":1666367901438,"message":"","name":"/Users/mts/PapillonBitsHub/quoter/packages/core/src/pattern/page/NotFoundPage/__tests__/NotFoundPage.int.test.js","startTime":1666367895182,"status":"passed","summary":""},{"assertionResults":[{"ancestorTitles":["index","appRootRoute"],"duration":23,"failureDetails":[],"failureMessages":[],"fullName":"index appRootRoute must return app root route object","invocations":1,"location":null,"numPassingAsserts":0,"retryReasons":[],"status":"passed","title":"must return app root route object"},{"ancestorTitles":["index","listQuotePageRoute"],"duration":1,"failureDetails":[],"failureMessages":[],"fullName":"index listQuotePageRoute must return list quote page route object","invocations":1,"location":null,"numPassingAsserts":0,"retryReasons":[],"status":"passed","title":"must return list quote page route object"},{"ancestorTitles":["index","notFoundPageRoute"],"duration":1,"failureDetails":[],"failureMessages":[],"fullName":"index notFoundPageRoute must return not found page route object","invocations":1,"location":null,"numPassingAsserts":0,"retryReasons":[],"status":"passed","title":"must return not found page route object"}],"endTime":1666367901650,"message":"","name":"/Users/mts/PapillonBitsHub/quoter/packages/core/src/route/__tests__/index.test.js","startTime":1666367895243,"status":"passed","summary":""},{"assertionResults":[{"ancestorTitles":["<Navigator />","Render"],"duration":172,"failureDetails":[],"failureMessages":[],"fullName":"<Navigator /> Render must match regular","invocations":1,"location":null,"numPassingAsserts":0,"retryReasons":[],"status":"passed","title":"must match regular"}],"endTime":1666367901724,"message":"","name":"/Users/mts/PapillonBitsHub/quoter/packages/core/src/pattern/molecule/Navigator/__tests__/Navigator.int.test.js","startTime":1666367895244,"status":"passed","summary":""},{"assertionResults":[{"ancestorTitles":["<ListQuotePage />","Render"],"duration":41,"failureDetails":[],"failureMessages":[],"fullName":"<ListQuotePage /> Render must match async()","invocations":1,"location":null,"numPassingAsserts":0,"retryReasons":[],"status":"passed","title":"must match async()"},{"ancestorTitles":["<ListQuotePage />","Render"],"duration":308,"failureDetails":[],"failureMessages":[],"fullName":"<ListQuotePage /> Render must match regular()","invocations":1,"location":null,"numPassingAsserts":0,"retryReasons":[],"status":"passed","title":"must match regular()"}],"endTime":1666367901936,"message":"","name":"/Users/mts/PapillonBitsHub/quoter/packages/core/src/pattern/page/ListQuotePage/__tests__/ListQuotePage.int.test.js","startTime":1666367895155,"status":"passed","summary":""},{"assertionResults":[{"ancestorTitles":["<ListQuoteTemplate />","Render"],"duration":397,"failureDetails":[],"failureMessages":[],"fullName":"<ListQuoteTemplate /> Render must match regular()","invocations":1,"location":null,"numPassingAsserts":0,"retryReasons":[],"status":"passed","title":"must match regular()"}],"endTime":1666367902064,"message":"","name":"/Users/mts/PapillonBitsHub/quoter/packages/core/src/pattern/template/ListQuoteTemplate/__tests__/ListQuoteTemplate.int.test.js","startTime":1666367895234,"status":"passed","summary":""},{"assertionResults":[{"ancestorTitles":["client","setAppDefaultState()"],"duration":776,"failureDetails":[],"failureMessages":[],"fullName":"client setAppDefaultState() must set app state","invocations":1,"location":null,"numPassingAsserts":0,"retryReasons":[],"status":"passed","title":"must set app state"}],"endTime":1666367903250,"message":"","name":"/Users/mts/PapillonBitsHub/quoter/packages/core/src/store/__tests__/client.test.js","startTime":1666367899886,"status":"passed","summary":""},{"assertionResults":[{"ancestorTitles":["index","setMiddlewares()"],"duration":17,"failureDetails":[],"failureMessages":[],"fullName":"index setMiddlewares() must have thunk and logger middleware when running on localhost","invocations":1,"location":null,"numPassingAsserts":0,"retryReasons":[],"status":"passed","title":"must have thunk and logger middleware when running on localhost"},{"ancestorTitles":["index","setMiddlewares()"],"duration":2,"failureDetails":[],"failureMessages":[],"fullName":"index setMiddlewares() must only have thunk middleware when not running on localhost","invocations":1,"location":null,"numPassingAsserts":0,"retryReasons":[],"status":"passed","title":"must only have thunk middleware when not running on localhost"}],"endTime":1666367903726,"message":"","name":"/Users/mts/PapillonBitsHub/quoter/packages/core/src/store/__tests__/base.test.js","startTime":1666367901385,"status":"passed","summary":""},{"assertionResults":[{"ancestorTitles":["index","hosts and indicators"],"duration":3,"failureDetails":[],"failureMessages":[],"fullName":"index hosts and indicators must return all hosts and indicators","invocations":1,"location":null,"numPassingAsserts":0,"retryReasons":[],"status":"passed","title":"must return all hosts and indicators"},{"ancestorTitles":["index","currentHost"],"duration":10,"failureDetails":[],"failureMessages":[],"fullName":"index currentHost must equal localhost when running on localhost","invocations":1,"location":null,"numPassingAsserts":0,"retryReasons":[],"status":"passed","title":"must equal localhost when running on localhost"},{"ancestorTitles":["index","currentHost"],"duration":1,"failureDetails":[],"failureMessages":[],"fullName":"index currentHost must equal elsewhere host when running elsewhere","invocations":1,"location":null,"numPassingAsserts":0,"retryReasons":[],"status":"passed","title":"must equal elsewhere host when running elsewhere"},{"ancestorTitles":["index","isRunningOnLocalHost"],"duration":2,"failureDetails":[],"failureMessages":[],"fullName":"index isRunningOnLocalHost must be truthy when running on localhost","invocations":1,"location":null,"numPassingAsserts":0,"retryReasons":[],"status":"passed","title":"must be truthy when running on localhost"},{"ancestorTitles":["index","isRunningOnLocalHost"],"duration":1,"failureDetails":[],"failureMessages":[],"fullName":"index isRunningOnLocalHost must be falsy when running elsewhere","invocations":1,"location":null,"numPassingAsserts":0,"retryReasons":[],"status":"passed","title":"must be falsy when running elsewhere"}],"endTime":1666367903759,"message":"","name":"/Users/mts/PapillonBitsHub/quoter/packages/core/src/library/environment/host/__tests__/index.test.js","startTime":1666367901499,"status":"passed","summary":""},{"assertionResults":[{"ancestorTitles":["path","appRootPath"],"duration":5,"failureDetails":[],"failureMessages":[],"fullName":"path appRootPath must return path with base url when process.env.BASE_URL is present","invocations":1,"location":null,"numPassingAsserts":0,"retryReasons":[],"status":"passed","title":"must return path with base url when process.env.BASE_URL is present"},{"ancestorTitles":["path","appRootPath"],"duration":1,"failureDetails":[],"failureMessages":[],"fullName":"path appRootPath must return path without base url when process.env.BASE_URL is absent","invocations":1,"location":null,"numPassingAsserts":0,"retryReasons":[],"status":"passed","title":"must return path without base url when process.env.BASE_URL is absent"},{"ancestorTitles":["path","listQuotePagePath"],"duration":1,"failureDetails":[],"failureMessages":[],"fullName":"path listQuotePagePath must return path with base url when process.env.BASE_URL is present","invocations":1,"location":null,"numPassingAsserts":0,"retryReasons":[],"status":"passed","title":"must return path with base url when process.env.BASE_URL is present"},{"ancestorTitles":["path","listQuotePagePath"],"duration":1,"failureDetails":[],"failureMessages":[],"fullName":"path listQuotePagePath must return path without base url when process.env.BASE_URL is absent","invocations":1,"location":null,"numPassingAsserts":0,"retryReasons":[],"status":"passed","title":"must return path without base url when process.env.BASE_URL is absent"}],"endTime":1666367903895,"message":"","name":"/Users/mts/PapillonBitsHub/quoter/packages/core/src/route/__tests__/path.test.js","startTime":1666367901677,"status":"passed","summary":""},{"assertionResults":[{"ancestorTitles":["actionTypes"],"duration":3,"failureDetails":[],"failureMessages":[],"fullName":"actionTypes must return all action types","invocations":1,"location":null,"numPassingAsserts":0,"retryReasons":[],"status":"passed","title":"must return all action types"}],"endTime":1666367903911,"message":"","name":"/Users/mts/PapillonBitsHub/quoter/packages/core/src/store/action/__tests__/actionTypes.test.js","startTime":1666367901835,"status":"passed","summary":""},{"assertionResults":[{"ancestorTitles":["index"],"duration":3,"failureDetails":[],"failureMessages":[],"fullName":"index must return all constants","invocations":1,"location":null,"numPassingAsserts":0,"retryReasons":[],"status":"passed","title":"must return all constants"}],"endTime":1666367903963,"message":"","name":"/Users/mts/PapillonBitsHub/quoter/packages/core/src/library/constant/__tests__/index.test.js","startTime":1666367901959,"status":"passed","summary":""},{"assertionResults":[{"ancestorTitles":["index","useBindActionCreators()"],"duration":3,"failureDetails":[],"failureMessages":[],"fullName":"index useBindActionCreators() must return all bound actions and thunks","invocations":1,"location":null,"numPassingAsserts":0,"retryReasons":[],"status":"passed","title":"must return all bound actions and thunks"}],"endTime":1666367904009,"message":"","name":"/Users/mts/PapillonBitsHub/quoter/packages/core/src/store/dispatch/__tests__/index.test.js","startTime":1666367902141,"status":"passed","summary":""}],"wasInterrupted":false}