{"numFailedTestSuites":0,"numFailedTests":0,"numPassedTestSuites":14,"numPassedTests":32,"numPendingTestSuites":0,"numPendingTests":0,"numRuntimeErrorTestSuites":0,"numTodoTests":0,"numTotalTestSuites":14,"numTotalTests":32,"openHandles":[],"snapshot":{"added":0,"didUpdate":false,"failure":false,"filesAdded":0,"filesRemoved":0,"filesRemovedList":[],"filesUnmatched":0,"filesUpdated":0,"matched":7,"total":7,"unchecked":0,"uncheckedKeysByFile":[],"unmatched":0,"updated":0},"startTime":1768381450862,"success":true,"testResults":[{"assertionResults":[{"ancestorTitles":["actionCreators","context","navigation","contextSetNavigationAction()"],"duration":18,"failing":false,"failureDetails":[],"failureMessages":[],"fullName":"actionCreators context navigation contextSetNavigationAction() must return action with given payload","invocations":1,"location":null,"numPassingAsserts":1,"retryReasons":[],"startAt":1768381459945,"status":"passed","title":"must return action with given payload"},{"ancestorTitles":["actionCreators","context","progress","contextSetProgressAction()"],"duration":2,"failing":false,"failureDetails":[],"failureMessages":[],"fullName":"actionCreators context progress contextSetProgressAction() must return action with given payload","invocations":1,"location":null,"numPassingAsserts":1,"retryReasons":[],"startAt":1768381459963,"status":"passed","title":"must return action with given payload"},{"ancestorTitles":["actionCreators","ui","listQuotes","uiSelectListQuotesAction()"],"duration":1,"failing":false,"failureDetails":[],"failureMessages":[],"fullName":"actionCreators ui listQuotes uiSelectListQuotesAction() must return action with given payload","invocations":1,"location":null,"numPassingAsserts":1,"retryReasons":[],"startAt":1768381459965,"status":"passed","title":"must return action with given payload"},{"ancestorTitles":["actionCreators","ui","listQuotes","uiSetListQuotesSortAction()"],"duration":1,"failing":false,"failureDetails":[],"failureMessages":[],"fullName":"actionCreators ui listQuotes uiSetListQuotesSortAction() must return action with given payload","invocations":1,"location":null,"numPassingAsserts":1,"retryReasons":[],"startAt":1768381459967,"status":"passed","title":"must return action with given payload"},{"ancestorTitles":["actionCreators","ui","listQuotes","uiSetListQuotesSearchAction()"],"duration":1,"failing":false,"failureDetails":[],"failureMessages":[],"fullName":"actionCreators ui listQuotes uiSetListQuotesSearchAction() must return action with given payload","invocations":1,"location":null,"numPassingAsserts":1,"retryReasons":[],"startAt":1768381459968,"status":"passed","title":"must return action with given payload"},{"ancestorTitles":["actionCreators","ui","listQuotes","uiSetListQuotesPaginationAction()"],"duration":3,"failing":false,"failureDetails":[],"failureMessages":[],"fullName":"actionCreators ui listQuotes uiSetListQuotesPaginationAction() must return action with given payload","invocations":1,"location":null,"numPassingAsserts":1,"retryReasons":[],"startAt":1768381459972,"status":"passed","title":"must return action with given payload"},{"ancestorTitles":["actionCreators","ui","listQuotes","uiSetListQuotesAction()"],"duration":1,"failing":false,"failureDetails":[],"failureMessages":[],"fullName":"actionCreators ui listQuotes uiSetListQuotesAction() must return action with given payload","invocations":1,"location":null,"numPassingAsserts":1,"retryReasons":[],"startAt":1768381459976,"status":"passed","title":"must return action with given payload"}],"endTime":1768381459988,"message":"","name":"/Users/mts/PapillonBitsHub/quoter/packages/core/src/store/action/__tests__/actionCreators.test.js","startTime":1768381451350,"status":"passed","summary":""},{"assertionResults":[{"ancestorTitles":["index","setMiddlewares()"],"duration":9,"failing":false,"failureDetails":[],"failureMessages":[],"fullName":"index setMiddlewares() must have thunk and logger middleware when running on localhost","invocations":1,"location":null,"numPassingAsserts":2,"retryReasons":[],"startAt":1768381460077,"status":"passed","title":"must have thunk and logger middleware when running on localhost"},{"ancestorTitles":["index","setMiddlewares()"],"duration":2,"failing":false,"failureDetails":[],"failureMessages":[],"fullName":"index setMiddlewares() must only have thunk middleware when not running on localhost","invocations":1,"location":null,"numPassingAsserts":2,"retryReasons":[],"startAt":1768381460086,"status":"passed","title":"must only have thunk middleware when not running on localhost"}],"endTime":1768381460093,"message":"","name":"/Users/mts/PapillonBitsHub/quoter/packages/core/src/store/__tests__/base.test.js","startTime":1768381451348,"status":"passed","summary":""},{"assertionResults":[{"ancestorTitles":["index","hosts and indicators"],"duration":5,"failing":false,"failureDetails":[],"failureMessages":[],"fullName":"index hosts and indicators must return all hosts and indicators","invocations":1,"location":null,"numPassingAsserts":3,"retryReasons":[],"startAt":1768381460084,"status":"passed","title":"must return all hosts and indicators"},{"ancestorTitles":["index","currentHost"],"duration":3,"failing":false,"failureDetails":[],"failureMessages":[],"fullName":"index currentHost must equal localhost when running on localhost","invocations":1,"location":null,"numPassingAsserts":1,"retryReasons":[],"startAt":1768381460090,"status":"passed","title":"must equal localhost when running on localhost"},{"ancestorTitles":["index","currentHost"],"duration":2,"failing":false,"failureDetails":[],"failureMessages":[],"fullName":"index currentHost must equal elsewhere host when running elsewhere","invocations":1,"location":null,"numPassingAsserts":1,"retryReasons":[],"startAt":1768381460093,"status":"passed","title":"must equal elsewhere host when running elsewhere"},{"ancestorTitles":["index","isRunningOnLocalHost"],"duration":1,"failing":false,"failureDetails":[],"failureMessages":[],"fullName":"index isRunningOnLocalHost must be truthy when running on localhost","invocations":1,"location":null,"numPassingAsserts":1,"retryReasons":[],"startAt":1768381460095,"status":"passed","title":"must be truthy when running on localhost"},{"ancestorTitles":["index","isRunningOnLocalHost"],"duration":14,"failing":false,"failureDetails":[],"failureMessages":[],"fullName":"index isRunningOnLocalHost must be falsy when running elsewhere","invocations":1,"location":null,"numPassingAsserts":1,"retryReasons":[],"startAt":1768381460096,"status":"passed","title":"must be falsy when running elsewhere"}],"endTime":1768381460111,"message":"","name":"/Users/mts/PapillonBitsHub/quoter/packages/core/src/library/environment/host/__tests__/index.test.js","startTime":1768381451440,"status":"passed","summary":""},{"assertionResults":[{"ancestorTitles":["path","appRootPath"],"duration":28,"failing":false,"failureDetails":[],"failureMessages":[],"fullName":"path appRootPath must return path with base url when process.env.BASE_URL is present","invocations":1,"location":null,"numPassingAsserts":1,"retryReasons":[],"startAt":1768381460169,"status":"passed","title":"must return path with base url when process.env.BASE_URL is present"},{"ancestorTitles":["path","appRootPath"],"duration":22,"failing":false,"failureDetails":[],"failureMessages":[],"fullName":"path appRootPath must return path without base url when process.env.BASE_URL is absent","invocations":1,"location":null,"numPassingAsserts":1,"retryReasons":[],"startAt":1768381460199,"status":"passed","title":"must return path without base url when process.env.BASE_URL is absent"},{"ancestorTitles":["path","listQuotePagePath"],"duration":1,"failing":false,"failureDetails":[],"failureMessages":[],"fullName":"path listQuotePagePath must return path with base url when process.env.BASE_URL is present","invocations":1,"location":null,"numPassingAsserts":1,"retryReasons":[],"startAt":1768381460221,"status":"passed","title":"must return path with base url when process.env.BASE_URL is present"},{"ancestorTitles":["path","listQuotePagePath"],"duration":6,"failing":false,"failureDetails":[],"failureMessages":[],"fullName":"path listQuotePagePath must return path without base url when process.env.BASE_URL is absent","invocations":1,"location":null,"numPassingAsserts":1,"retryReasons":[],"startAt":1768381460222,"status":"passed","title":"must return path without base url when process.env.BASE_URL is absent"}],"endTime":1768381460231,"message":"","name":"/Users/mts/PapillonBitsHub/quoter/packages/core/src/route/__tests__/path.test.js","startTime":1768381451350,"status":"passed","summary":""},{"assertionResults":[{"ancestorTitles":["index","useBindActionCreators()"],"duration":6,"failing":false,"failureDetails":[],"failureMessages":[],"fullName":"index useBindActionCreators() must return all bound actions and thunks","invocations":1,"location":null,"numPassingAsserts":1,"retryReasons":[],"startAt":1768381460338,"status":"passed","title":"must return all bound actions and thunks"}],"endTime":1768381460346,"message":"","name":"/Users/mts/PapillonBitsHub/quoter/packages/core/src/store/dispatch/__tests__/index.test.js","startTime":1768381451435,"status":"passed","summary":""},{"assertionResults":[{"ancestorTitles":["client","setAppDefaultState()"],"duration":650,"failing":false,"failureDetails":[],"failureMessages":[],"fullName":"client setAppDefaultState() must set app state","invocations":1,"location":null,"numPassingAsserts":1,"retryReasons":[],"startAt":1768381460205,"status":"passed","title":"must set app state"}],"endTime":1768381460940,"message":"","name":"/Users/mts/PapillonBitsHub/quoter/packages/core/src/store/__tests__/client.test.js","startTime":1768381451348,"status":"passed","summary":""},{"assertionResults":[{"ancestorTitles":["actionTypes"],"duration":2,"failing":false,"failureDetails":[],"failureMessages":[],"fullName":"actionTypes must return all action types","invocations":1,"location":null,"numPassingAsserts":7,"retryReasons":[],"startAt":1768381461248,"status":"passed","title":"must return all action types"}],"endTime":1768381461251,"message":"","name":"/Users/mts/PapillonBitsHub/quoter/packages/core/src/store/action/__tests__/actionTypes.test.js","startTime":1768381460123,"status":"passed","summary":""},{"assertionResults":[{"ancestorTitles":["index"],"duration":8,"failing":false,"failureDetails":[],"failureMessages":[],"fullName":"index must return all constants","invocations":1,"location":null,"numPassingAsserts":7,"retryReasons":[],"startAt":1768381461312,"status":"passed","title":"must return all constants"}],"endTime":1768381461321,"message":"","name":"/Users/mts/PapillonBitsHub/quoter/packages/core/src/library/constant/__tests__/index.test.js","startTime":1768381460036,"status":"passed","summary":""},{"assertionResults":[{"ancestorTitles":["index","appRootRoute"],"duration":11,"failing":false,"failureDetails":[],"failureMessages":[],"fullName":"index appRootRoute must return app root route object","invocations":1,"location":null,"numPassingAsserts":1,"retryReasons":[],"startAt":1768381461927,"status":"passed","title":"must return app root route object"},{"ancestorTitles":["index","listQuotePageRoute"],"duration":0,"failing":false,"failureDetails":[],"failureMessages":[],"fullName":"index listQuotePageRoute must return list quote page route object","invocations":1,"location":null,"numPassingAsserts":1,"retryReasons":[],"startAt":1768381461939,"status":"passed","title":"must return list quote page route object"},{"ancestorTitles":["index","notFoundPageRoute"],"duration":1,"failing":false,"failureDetails":[],"failureMessages":[],"fullName":"index notFoundPageRoute must return not found page route object","invocations":1,"location":null,"numPassingAsserts":1,"retryReasons":[],"startAt":1768381461939,"status":"passed","title":"must return not found page route object"}],"endTime":1768381461941,"message":"","name":"/Users/mts/PapillonBitsHub/quoter/packages/core/src/route/__tests__/index.test.js","startTime":1768381451348,"status":"passed","summary":""},{"assertionResults":[{"ancestorTitles":["<NotFoundPage />","Render"],"duration":33,"failing":false,"failureDetails":[],"failureMessages":[],"fullName":"<NotFoundPage /> Render must match async","invocations":1,"location":null,"numPassingAsserts":1,"retryReasons":[],"startAt":1768381462454,"status":"passed","title":"must match async"},{"ancestorTitles":["<NotFoundPage />","Render"],"duration":44,"failing":false,"failureDetails":[],"failureMessages":[],"fullName":"<NotFoundPage /> Render must match regular","invocations":1,"location":null,"numPassingAsserts":1,"retryReasons":[],"startAt":1768381462487,"status":"passed","title":"must match regular"}],"endTime":1768381462531,"message":"","name":"/Users/mts/PapillonBitsHub/quoter/packages/core/src/pattern/page/NotFoundPage/__tests__/NotFoundPage.int.test.js","startTime":1768381460138,"status":"passed","summary":""},{"assertionResults":[{"ancestorTitles":["<ListQuoteTemplate />","Render"],"duration":314,"failing":false,"failureDetails":[],"failureMessages":[],"fullName":"<ListQuoteTemplate /> Render must match regular()","invocations":1,"location":null,"numPassingAsserts":1,"retryReasons":[],"startAt":1768381462663,"status":"passed","title":"must match regular()"}],"endTime":1768381462977,"message":"","name":"/Users/mts/PapillonBitsHub/quoter/packages/core/src/pattern/template/ListQuoteTemplate/__tests__/ListQuoteTemplate.int.test.js","startTime":1768381460450,"status":"passed","summary":""},{"assertionResults":[{"ancestorTitles":["<ListQuotePage />","Render"],"duration":56,"failing":false,"failureDetails":[],"failureMessages":[],"fullName":"<ListQuotePage /> Render must match async()","invocations":1,"location":null,"numPassingAsserts":1,"retryReasons":[],"startAt":1768381462631,"status":"passed","title":"must match async()"},{"ancestorTitles":["<ListQuotePage />","Render"],"duration":288,"failing":false,"failureDetails":[],"failureMessages":[],"fullName":"<ListQuotePage /> Render must match regular()","invocations":1,"location":null,"numPassingAsserts":1,"retryReasons":[],"startAt":1768381462687,"status":"passed","title":"must match regular()"}],"endTime":1768381462976,"message":"","name":"/Users/mts/PapillonBitsHub/quoter/packages/core/src/pattern/page/ListQuotePage/__tests__/ListQuotePage.int.test.js","startTime":1768381460247,"status":"passed","summary":""},{"assertionResults":[{"ancestorTitles":["<NotFoundTemplate />","Render"],"duration":38,"failing":false,"failureDetails":[],"failureMessages":[],"fullName":"<NotFoundTemplate /> Render must match regular","invocations":1,"location":null,"numPassingAsserts":1,"retryReasons":[],"startAt":1768381463061,"status":"passed","title":"must match regular"}],"endTime":1768381463099,"message":"","name":"/Users/mts/PapillonBitsHub/quoter/packages/core/src/pattern/template/NotFoundTemplate/__tests__/NotFoundTemplate.int.test.js","startTime":1768381460960,"status":"passed","summary":""},{"assertionResults":[{"ancestorTitles":["<Navigator />","Render"],"duration":36,"failing":false,"failureDetails":[],"failureMessages":[],"fullName":"<Navigator /> Render must match regular","invocations":1,"location":null,"numPassingAsserts":1,"retryReasons":[],"startAt":1768381463238,"status":"passed","title":"must match regular"}],"endTime":1768381463275,"message":"","name":"/Users/mts/PapillonBitsHub/quoter/packages/core/src/pattern/molecule/Navigator/__tests__/Navigator.int.test.js","startTime":1768381461259,"status":"passed","summary":""}],"wasInterrupted":false}
